{"contracts/Cashier.sol":{"l":{"66":16,"75":15,"76":14,"78":13,"85":13,"86":13,"87":13,"89":13,"90":13,"99":13,"100":13,"101":12,"102":12,"104":11,"105":11,"106":11,"107":11,"109":11,"118":2,"119":2,"129":16,"137":8,"138":8,"139":8,"140":8,"141":8,"150":5,"151":5,"152":5,"153":12,"154":12,"157":12,"159":5,"160":5},"path":"/home/jmpm/dev/wc/wc/sc/branch/branch/wc/smart_contracts/contracts/Cashier.sol","s":{"1":16,"2":15,"3":14,"4":13,"5":13,"6":13,"7":13,"8":13,"9":13,"10":13,"11":12,"12":12,"13":11,"14":11,"15":11,"16":11,"17":11,"18":2,"19":2,"20":16,"21":8,"22":8,"23":8,"24":8,"25":5,"26":5,"27":5,"28":12,"29":12,"30":12,"31":5,"32":5},"b":{"1":[14,1],"2":[13,1],"3":[13,0],"4":[12,1],"5":[12,0],"6":[11,1],"7":[2,0],"8":[8,0]},"f":{"1":16,"2":15,"3":13,"4":2,"5":16,"6":8,"7":5},"fnMap":{"1":{"name":null,"line":65,"loc":{"start":{"line":65,"column":4},"end":{"line":65,"column":36}}},"2":{"name":"issueTicket","line":73,"loc":{"start":{"line":73,"column":4},"end":{"line":74,"column":36}}},"3":{"name":"buyTicket","line":98,"loc":{"start":{"line":98,"column":4},"end":{"line":98,"column":85}}},"4":{"name":"isTicketValid","line":117,"loc":{"start":{"line":117,"column":4},"end":{"line":117,"column":84}}},"5":{"name":"getWithdrawableCash","line":128,"loc":{"start":{"line":128,"column":4},"end":{"line":128,"column":96}}},"6":{"name":"withdrawCash","line":136,"loc":{"start":{"line":136,"column":4},"end":{"line":136,"column":46}}},"7":{"name":"updateTokenDistribution","line":149,"loc":{"start":{"line":149,"column":4},"end":{"line":149,"column":57}}}},"statementMap":{"1":{"start":{"line":66,"column":8},"end":{"line":66,"column":21}},"2":{"start":{"line":75,"column":8},"end":{"line":75,"column":61}},"3":{"start":{"line":76,"column":8},"end":{"line":76,"column":57}},"4":{"start":{"line":78,"column":8},"end":{"line":78,"column":3512}},"5":{"start":{"line":85,"column":8},"end":{"line":85,"column":28}},"6":{"start":{"line":86,"column":8},"end":{"line":86,"column":33}},"7":{"start":{"line":89,"column":8},"end":{"line":89,"column":68}},"8":{"start":{"line":90,"column":8},"end":{"line":90,"column":23}},"9":{"start":{"line":99,"column":8},"end":{"line":99,"column":75}},"10":{"start":{"line":100,"column":8},"end":{"line":100,"column":62}},"11":{"start":{"line":101,"column":8},"end":{"line":101,"column":84}},"12":{"start":{"line":102,"column":8},"end":{"line":102,"column":82}},"13":{"start":{"line":104,"column":8},"end":{"line":104,"column":92}},"14":{"start":{"line":105,"column":8},"end":{"line":105,"column":44}},"15":{"start":{"line":106,"column":8},"end":{"line":106,"column":35}},"16":{"start":{"line":107,"column":8},"end":{"line":107,"column":75}},"17":{"start":{"line":109,"column":8},"end":{"line":109,"column":90}},"18":{"start":{"line":118,"column":8},"end":{"line":118,"column":53}},"19":{"start":{"line":119,"column":8},"end":{"line":119,"column":60}},"20":{"start":{"line":129,"column":8},"end":{"line":129,"column":45}},"21":{"start":{"line":137,"column":8},"end":{"line":137,"column":38}},"22":{"start":{"line":138,"column":8},"end":{"line":138,"column":35}},"23":{"start":{"line":140,"column":8},"end":{"line":140,"column":39}},"24":{"start":{"line":141,"column":8},"end":{"line":141,"column":38}},"25":{"start":{"line":150,"column":8},"end":{"line":150,"column":53}},"26":{"start":{"line":151,"column":8},"end":{"line":151,"column":54}},"27":{"start":{"line":152,"column":8},"end":{"line":152,"column":7322}},"28":{"start":{"line":153,"column":12},"end":{"line":153,"column":48}},"29":{"start":{"line":154,"column":12},"end":{"line":154,"column":7441}},"30":{"start":{"line":157,"column":12},"end":{"line":157,"column":41}},"31":{"start":{"line":159,"column":8},"end":{"line":159,"column":36}},"32":{"start":{"line":160,"column":8},"end":{"line":160,"column":39}}},"branchMap":{"1":{"line":75,"type":"if","locations":[{"start":{"line":75,"column":8},"end":{"line":75,"column":8}},{"start":{"line":75,"column":8},"end":{"line":75,"column":8}}]},"2":{"line":76,"type":"if","locations":[{"start":{"line":76,"column":8},"end":{"line":76,"column":8}},{"start":{"line":76,"column":8},"end":{"line":76,"column":8}}]},"3":{"line":99,"type":"if","locations":[{"start":{"line":99,"column":8},"end":{"line":99,"column":8}},{"start":{"line":99,"column":8},"end":{"line":99,"column":8}}]},"4":{"line":100,"type":"if","locations":[{"start":{"line":100,"column":8},"end":{"line":100,"column":8}},{"start":{"line":100,"column":8},"end":{"line":100,"column":8}}]},"5":{"line":101,"type":"if","locations":[{"start":{"line":101,"column":8},"end":{"line":101,"column":8}},{"start":{"line":101,"column":8},"end":{"line":101,"column":8}}]},"6":{"line":102,"type":"if","locations":[{"start":{"line":102,"column":8},"end":{"line":102,"column":8}},{"start":{"line":102,"column":8},"end":{"line":102,"column":8}}]},"7":{"line":118,"type":"if","locations":[{"start":{"line":118,"column":8},"end":{"line":118,"column":8}},{"start":{"line":118,"column":8},"end":{"line":118,"column":8}}]},"8":{"line":137,"type":"if","locations":[{"start":{"line":137,"column":8},"end":{"line":137,"column":8}},{"start":{"line":137,"column":8},"end":{"line":137,"column":8}}]}}},"contracts/TokencraticMultiSigWallet.sol":{"l":{"64":2,"65":1,"69":15,"70":15,"74":0,"75":0,"79":15,"80":15,"84":6,"85":6,"89":6,"90":6,"97":3,"98":3,"104":5,"105":5,"115":0,"116":0,"123":1,"124":1,"138":6,"139":6,"145":6,"147":6,"148":6,"159":15,"160":15,"170":0,"171":0,"181":6,"183":5,"184":5,"185":5,"186":5,"188":0,"189":0,"198":13,"199":13,"200":13,"201":13,"202":46,"203":46,"204":32,"209":46,"210":8,"213":5,"222":0,"223":0,"225":0,"238":0,"239":0,"240":0,"241":0,"242":0,"245":0,"246":0,"248":0,"249":0,"250":0},"path":"/home/jmpm/dev/wc/wc/sc/branch/branch/wc/smart_contracts/contracts/TokencraticMultiSigWallet.sol","s":{"1":2,"2":15,"3":0,"4":15,"5":6,"6":6,"7":3,"8":3,"9":5,"10":5,"11":0,"12":0,"13":1,"14":1,"15":6,"16":6,"17":6,"18":6,"19":6,"20":15,"21":15,"22":0,"23":0,"24":6,"25":5,"26":5,"27":5,"28":5,"29":0,"30":0,"31":13,"32":13,"33":13,"34":13,"35":46,"36":46,"37":32,"38":46,"39":8,"40":5,"41":0,"42":0,"43":0,"44":0,"45":0,"46":0,"47":0,"48":0,"49":0,"50":0,"51":0,"52":0},"b":{"1":[1,1],"2":[15,0],"3":[0,0],"4":[15,0],"5":[6,0],"6":[6,0],"7":[3,0],"8":[5,1],"9":[5,0],"10":[32,14],"11":[8,38],"12":[0,0],"13":[0,0]},"f":{"1":2,"2":15,"3":0,"4":15,"5":6,"6":6,"7":3,"8":5,"9":0,"10":1,"11":6,"12":15,"13":0,"14":6,"15":13,"16":0,"17":0},"fnMap":{"1":{"name":"onlyMyself","line":63,"loc":{"start":{"line":63,"column":4},"end":{"line":63,"column":23}}},"2":{"name":"transactionExists","line":68,"loc":{"start":{"line":68,"column":4},"end":{"line":68,"column":52}}},"3":{"name":"confirmed","line":73,"loc":{"start":{"line":73,"column":4},"end":{"line":73,"column":60}}},"4":{"name":"notConfirmed","line":78,"loc":{"start":{"line":78,"column":4},"end":{"line":78,"column":63}}},"5":{"name":"notExecuted","line":83,"loc":{"start":{"line":83,"column":4},"end":{"line":83,"column":46}}},"6":{"name":"notNull","line":88,"loc":{"start":{"line":88,"column":4},"end":{"line":88,"column":36}}},"7":{"name":null,"line":94,"loc":{"start":{"line":94,"column":4},"end":{"line":96,"column":5}}},"8":{"name":null,"line":102,"loc":{"start":{"line":102,"column":4},"end":{"line":103,"column":5}}},"9":{"name":"setToken","line":111,"loc":{"start":{"line":111,"column":4},"end":{"line":111,"column":58}}},"10":{"name":"setThreshold","line":122,"loc":{"start":{"line":122,"column":4},"end":{"line":122,"column":63}}},"11":{"name":"submitTransaction","line":132,"loc":{"start":{"line":132,"column":4},"end":{"line":135,"column":5}}},"12":{"name":"confirmTransaction","line":154,"loc":{"start":{"line":154,"column":4},"end":{"line":157,"column":5}}},"13":{"name":"revokeConfirmation","line":166,"loc":{"start":{"line":166,"column":4},"end":{"line":169,"column":5}}},"14":{"name":"executeTransaction","line":177,"loc":{"start":{"line":177,"column":4},"end":{"line":180,"column":5}}},"15":{"name":"isConfirmed","line":196,"loc":{"start":{"line":196,"column":4},"end":{"line":197,"column":5}}},"16":{"name":"getTransactionCount","line":220,"loc":{"start":{"line":220,"column":4},"end":{"line":221,"column":5}}},"17":{"name":"getTransactionIds","line":235,"loc":{"start":{"line":235,"column":4},"end":{"line":237,"column":5}}}},"statementMap":{"1":{"start":{"line":64,"column":8},"end":{"line":64,"column":94}},"2":{"start":{"line":69,"column":8},"end":{"line":69,"column":84}},"3":{"start":{"line":74,"column":8},"end":{"line":74,"column":85}},"4":{"start":{"line":79,"column":8},"end":{"line":79,"column":91}},"5":{"start":{"line":84,"column":8},"end":{"line":84,"column":90}},"6":{"start":{"line":89,"column":8},"end":{"line":89,"column":48}},"7":{"start":{"line":97,"column":8},"end":{"line":97,"column":3696}},"8":{"start":{"line":98,"column":12},"end":{"line":98,"column":47}},"9":{"start":{"line":104,"column":8},"end":{"line":104,"column":21}},"10":{"start":{"line":105,"column":8},"end":{"line":105,"column":29}},"11":{"start":{"line":115,"column":8},"end":{"line":115,"column":24}},"12":{"start":{"line":116,"column":8},"end":{"line":116,"column":26}},"13":{"start":{"line":123,"column":8},"end":{"line":123,"column":29}},"14":{"start":{"line":124,"column":8},"end":{"line":124,"column":39}},"15":{"start":{"line":138,"column":8},"end":{"line":138,"column":39}},"16":{"start":{"line":139,"column":8},"end":{"line":139,"column":5288}},"17":{"start":{"line":145,"column":8},"end":{"line":145,"column":28}},"18":{"start":{"line":147,"column":8},"end":{"line":147,"column":38}},"19":{"start":{"line":148,"column":8},"end":{"line":148,"column":28}},"20":{"start":{"line":159,"column":8},"end":{"line":159,"column":55}},"21":{"start":{"line":160,"column":8},"end":{"line":160,"column":53}},"22":{"start":{"line":170,"column":8},"end":{"line":170,"column":56}},"23":{"start":{"line":171,"column":8},"end":{"line":171,"column":51}},"24":{"start":{"line":181,"column":8},"end":{"line":181,"column":75}},"25":{"start":{"line":183,"column":8},"end":{"line":183,"column":61}},"26":{"start":{"line":184,"column":8},"end":{"line":184,"column":26}},"27":{"start":{"line":185,"column":8},"end":{"line":185,"column":7063}},"28":{"start":{"line":186,"column":12},"end":{"line":186,"column":42}},"29":{"start":{"line":188,"column":12},"end":{"line":188,"column":49}},"30":{"start":{"line":189,"column":12},"end":{"line":189,"column":31}},"31":{"start":{"line":198,"column":8},"end":{"line":198,"column":33}},"32":{"start":{"line":199,"column":8},"end":{"line":199,"column":53}},"33":{"start":{"line":200,"column":8},"end":{"line":200,"column":54}},"34":{"start":{"line":201,"column":8},"end":{"line":201,"column":7680}},"35":{"start":{"line":202,"column":12},"end":{"line":202,"column":48}},"36":{"start":{"line":203,"column":12},"end":{"line":203,"column":7799}},"37":{"start":{"line":204,"column":16},"end":{"line":204,"column":7869}},"38":{"start":{"line":209,"column":12},"end":{"line":209,"column":8028}},"39":{"start":{"line":210,"column":16},"end":{"line":210,"column":27}},"40":{"start":{"line":213,"column":8},"end":{"line":213,"column":20}},"41":{"start":{"line":222,"column":8},"end":{"line":222,"column":8522}},"42":{"start":{"line":223,"column":12},"end":{"line":223,"column":8581}},"43":{"start":{"line":225,"column":16},"end":{"line":225,"column":25}},"44":{"start":{"line":238,"column":8},"end":{"line":238,"column":76}},"45":{"start":{"line":239,"column":8},"end":{"line":239,"column":24}},"46":{"start":{"line":241,"column":8},"end":{"line":241,"column":9364}},"47":{"start":{"line":242,"column":12},"end":{"line":242,"column":9415}},"48":{"start":{"line":245,"column":16},"end":{"line":245,"column":44}},"49":{"start":{"line":246,"column":16},"end":{"line":246,"column":25}},"50":{"start":{"line":248,"column":8},"end":{"line":248,"column":50}},"51":{"start":{"line":249,"column":8},"end":{"line":249,"column":9731}},"52":{"start":{"line":250,"column":12},"end":{"line":250,"column":60}}},"branchMap":{"1":{"line":64,"type":"if","locations":[{"start":{"line":64,"column":8},"end":{"line":64,"column":8}},{"start":{"line":64,"column":8},"end":{"line":64,"column":8}}]},"2":{"line":69,"type":"if","locations":[{"start":{"line":69,"column":8},"end":{"line":69,"column":8}},{"start":{"line":69,"column":8},"end":{"line":69,"column":8}}]},"3":{"line":74,"type":"if","locations":[{"start":{"line":74,"column":8},"end":{"line":74,"column":8}},{"start":{"line":74,"column":8},"end":{"line":74,"column":8}}]},"4":{"line":79,"type":"if","locations":[{"start":{"line":79,"column":8},"end":{"line":79,"column":8}},{"start":{"line":79,"column":8},"end":{"line":79,"column":8}}]},"5":{"line":84,"type":"if","locations":[{"start":{"line":84,"column":8},"end":{"line":84,"column":8}},{"start":{"line":84,"column":8},"end":{"line":84,"column":8}}]},"6":{"line":89,"type":"if","locations":[{"start":{"line":89,"column":8},"end":{"line":89,"column":8}},{"start":{"line":89,"column":8},"end":{"line":89,"column":8}}]},"7":{"line":97,"type":"if","locations":[{"start":{"line":97,"column":8},"end":{"line":97,"column":8}},{"start":{"line":97,"column":8},"end":{"line":97,"column":8}}]},"8":{"line":181,"type":"if","locations":[{"start":{"line":181,"column":8},"end":{"line":181,"column":8}},{"start":{"line":181,"column":8},"end":{"line":181,"column":8}}]},"9":{"line":185,"type":"if","locations":[{"start":{"line":185,"column":8},"end":{"line":185,"column":8}},{"start":{"line":185,"column":8},"end":{"line":185,"column":8}}]},"10":{"line":203,"type":"if","locations":[{"start":{"line":203,"column":12},"end":{"line":203,"column":12}},{"start":{"line":203,"column":12},"end":{"line":203,"column":12}}]},"11":{"line":209,"type":"if","locations":[{"start":{"line":209,"column":12},"end":{"line":209,"column":12}},{"start":{"line":209,"column":12},"end":{"line":209,"column":12}}]},"12":{"line":223,"type":"if","locations":[{"start":{"line":223,"column":12},"end":{"line":223,"column":12}},{"start":{"line":223,"column":12},"end":{"line":223,"column":12}}]},"13":{"line":242,"type":"if","locations":[{"start":{"line":242,"column":12},"end":{"line":242,"column":12}},{"start":{"line":242,"column":12},"end":{"line":242,"column":12}}]}}},"contracts/Upgradeable.sol":{"l":{"46":80,"47":75,"54":16,"55":15,"56":14,"57":14,"58":1,"60":14,"61":14},"path":"/home/jmpm/dev/wc/wc/sc/branch/branch/wc/smart_contracts/contracts/Upgradeable.sol","s":{"1":80,"2":16,"3":15,"4":14,"5":14,"6":14,"7":14},"b":{"1":[75,5],"2":[15,1],"3":[14,1],"4":[1,13]},"f":{"1":1,"2":80,"3":16},"fnMap":{"1":{"name":null,"line":43,"loc":{"start":{"line":43,"column":4},"end":{"line":43,"column":29}}},"2":{"name":"notUpgraded","line":45,"loc":{"start":{"line":45,"column":4},"end":{"line":45,"column":24}}},"3":{"name":"upgrade","line":53,"loc":{"start":{"line":53,"column":4},"end":{"line":53,"column":78}}}},"statementMap":{"1":{"start":{"line":46,"column":8},"end":{"line":46,"column":84}},"2":{"start":{"line":54,"column":8},"end":{"line":54,"column":87}},"3":{"start":{"line":55,"column":8},"end":{"line":55,"column":89}},"4":{"start":{"line":56,"column":8},"end":{"line":56,"column":47}},"5":{"start":{"line":57,"column":8},"end":{"line":57,"column":2617}},"6":{"start":{"line":60,"column":8},"end":{"line":60,"column":22}},"7":{"start":{"line":61,"column":8},"end":{"line":61,"column":48}}},"branchMap":{"1":{"line":46,"type":"if","locations":[{"start":{"line":46,"column":8},"end":{"line":46,"column":8}},{"start":{"line":46,"column":8},"end":{"line":46,"column":8}}]},"2":{"line":54,"type":"if","locations":[{"start":{"line":54,"column":8},"end":{"line":54,"column":8}},{"start":{"line":54,"column":8},"end":{"line":54,"column":8}}]},"3":{"line":55,"type":"if","locations":[{"start":{"line":55,"column":8},"end":{"line":55,"column":8}},{"start":{"line":55,"column":8},"end":{"line":55,"column":8}}]},"4":{"line":57,"type":"if","locations":[{"start":{"line":57,"column":8},"end":{"line":57,"column":8}},{"start":{"line":57,"column":8},"end":{"line":57,"column":8}}]}}},"contracts/WcToken.sol":{"l":{"52":18,"53":18,"60":0,"67":0,"74":0,"80":36,"85":18,"92":38,"93":38,"95":38,"96":36,"97":36,"100":38,"101":38,"102":38,"104":38,"111":46,"119":0,"120":0,"121":0,"123":0,"124":0,"125":0,"128":0,"129":0,"130":0,"131":0,"132":0,"143":0,"144":0,"145":0,"153":0,"172":0,"174":0,"176":0,"177":0,"196":0,"198":0,"200":0,"201":0,"213":0,"224":0,"237":0,"238":0,"248":0,"249":0,"259":0,"260":0},"path":"/home/jmpm/dev/wc/wc/sc/branch/branch/wc/smart_contracts/contracts/WcToken.sol","s":{"1":18,"2":18,"3":0,"4":0,"5":0,"6":36,"7":18,"8":38,"9":38,"10":38,"11":36,"12":38,"13":38,"14":38,"15":38,"16":46,"17":0,"18":0,"19":0,"20":0,"21":0,"22":0,"23":0,"24":0,"25":0,"26":0,"27":0,"28":0,"29":0,"30":0,"31":0,"32":0,"33":0,"34":0,"35":0,"36":0,"37":0,"38":0,"39":0,"40":0,"41":0,"42":0,"43":0,"44":0,"45":0,"46":0},"b":{"1":[38,0],"2":[38,0],"3":[36,2],"4":[0,0],"5":[0,0],"6":[0,0],"7":[0,0],"8":[0,0],"9":[0,0],"10":[0,0],"11":[0,0],"12":[0,0],"13":[0,0],"14":[0,0],"15":[0,0]},"f":{"1":18,"2":0,"3":0,"4":0,"5":36,"6":18,"7":38,"8":46,"9":0,"10":0,"11":0,"12":0,"13":0,"14":0,"15":0,"16":0,"17":0,"18":0},"fnMap":{"1":{"name":null,"line":51,"loc":{"start":{"line":51,"column":4},"end":{"line":51,"column":15}}},"2":{"name":"name","line":59,"loc":{"start":{"line":59,"column":2},"end":{"line":59,"column":45}}},"3":{"name":"symbol","line":66,"loc":{"start":{"line":66,"column":2},"end":{"line":66,"column":47}}},"4":{"name":"decimals","line":73,"loc":{"start":{"line":73,"column":2},"end":{"line":73,"column":48}}},"5":{"name":"totalSupply","line":79,"loc":{"start":{"line":79,"column":4},"end":{"line":79,"column":53}}},"6":{"name":"holders","line":84,"loc":{"start":{"line":84,"column":4},"end":{"line":84,"column":51}}},"7":{"name":"transfer","line":91,"loc":{"start":{"line":91,"column":4},"end":{"line":91,"column":69}}},"8":{"name":"balanceOf","line":110,"loc":{"start":{"line":110,"column":4},"end":{"line":110,"column":65}}},"9":{"name":"transferFrom","line":118,"loc":{"start":{"line":118,"column":4},"end":{"line":118,"column":88}}},"10":{"name":"approve","line":142,"loc":{"start":{"line":142,"column":4},"end":{"line":142,"column":73}}},"11":{"name":"allowance","line":152,"loc":{"start":{"line":152,"column":4},"end":{"line":152,"column":83}}},"12":{"name":"increaseAllowance","line":165,"loc":{"start":{"line":165,"column":2},"end":{"line":171,"column":3}}},"13":{"name":"decreaseAllowance","line":189,"loc":{"start":{"line":189,"column":2},"end":{"line":195,"column":3}}},"14":{"name":"safeTransfer","line":206,"loc":{"start":{"line":206,"column":2},"end":{"line":212,"column":3}}},"15":{"name":"safeTransferFrom","line":216,"loc":{"start":{"line":216,"column":2},"end":{"line":223,"column":3}}},"16":{"name":"safeApprove","line":227,"loc":{"start":{"line":227,"column":2},"end":{"line":233,"column":3}}},"17":{"name":"safeIncreaseAllowance","line":241,"loc":{"start":{"line":241,"column":2},"end":{"line":247,"column":3}}},"18":{"name":"safeDecreaseAllowance","line":252,"loc":{"start":{"line":252,"column":2},"end":{"line":258,"column":3}}}},"statementMap":{"1":{"start":{"line":52,"column":8},"end":{"line":52,"column":38}},"2":{"start":{"line":53,"column":8},"end":{"line":53,"column":42}},"3":{"start":{"line":60,"column":4},"end":{"line":60,"column":16}},"4":{"start":{"line":67,"column":4},"end":{"line":67,"column":18}},"5":{"start":{"line":74,"column":4},"end":{"line":74,"column":20}},"6":{"start":{"line":80,"column":8},"end":{"line":80,"column":27}},"7":{"start":{"line":85,"column":8},"end":{"line":85,"column":23}},"8":{"start":{"line":92,"column":8},"end":{"line":92,"column":33}},"9":{"start":{"line":93,"column":8},"end":{"line":93,"column":46}},"10":{"start":{"line":95,"column":8},"end":{"line":95,"column":3139}},"11":{"start":{"line":97,"column":12},"end":{"line":97,"column":31}},"12":{"start":{"line":100,"column":8},"end":{"line":100,"column":62}},"13":{"start":{"line":101,"column":8},"end":{"line":101,"column":48}},"14":{"start":{"line":102,"column":8},"end":{"line":102,"column":46}},"15":{"start":{"line":104,"column":8},"end":{"line":104,"column":19}},"16":{"start":{"line":111,"column":8},"end":{"line":111,"column":31}},"17":{"start":{"line":119,"column":8},"end":{"line":119,"column":33}},"18":{"start":{"line":120,"column":8},"end":{"line":120,"column":41}},"19":{"start":{"line":121,"column":8},"end":{"line":121,"column":52}},"20":{"start":{"line":123,"column":8},"end":{"line":123,"column":4241}},"21":{"start":{"line":125,"column":12},"end":{"line":125,"column":31}},"22":{"start":{"line":128,"column":8},"end":{"line":128,"column":52}},"23":{"start":{"line":129,"column":8},"end":{"line":129,"column":48}},"24":{"start":{"line":130,"column":8},"end":{"line":130,"column":74}},"25":{"start":{"line":131,"column":8},"end":{"line":131,"column":41}},"26":{"start":{"line":132,"column":8},"end":{"line":132,"column":19}},"27":{"start":{"line":143,"column":8},"end":{"line":143,"column":45}},"28":{"start":{"line":144,"column":8},"end":{"line":144,"column":51}},"29":{"start":{"line":145,"column":8},"end":{"line":145,"column":19}},"30":{"start":{"line":153,"column":8},"end":{"line":153,"column":40}},"31":{"start":{"line":172,"column":4},"end":{"line":172,"column":33}},"32":{"start":{"line":174,"column":4},"end":{"line":174,"column":6507}},"33":{"start":{"line":176,"column":4},"end":{"line":176,"column":68}},"34":{"start":{"line":177,"column":4},"end":{"line":177,"column":15}},"35":{"start":{"line":196,"column":4},"end":{"line":196,"column":33}},"36":{"start":{"line":198,"column":4},"end":{"line":198,"column":7300}},"37":{"start":{"line":200,"column":4},"end":{"line":200,"column":68}},"38":{"start":{"line":201,"column":4},"end":{"line":201,"column":15}},"39":{"start":{"line":213,"column":4},"end":{"line":213,"column":37}},"40":{"start":{"line":224,"column":4},"end":{"line":224,"column":47}},"41":{"start":{"line":237,"column":4},"end":{"line":237,"column":71}},"42":{"start":{"line":238,"column":4},"end":{"line":238,"column":41}},"43":{"start":{"line":248,"column":4},"end":{"line":248,"column":76}},"44":{"start":{"line":249,"column":4},"end":{"line":249,"column":48}},"45":{"start":{"line":259,"column":4},"end":{"line":259,"column":76}},"46":{"start":{"line":260,"column":4},"end":{"line":260,"column":48}}},"branchMap":{"1":{"line":92,"type":"if","locations":[{"start":{"line":92,"column":8},"end":{"line":92,"column":8}},{"start":{"line":92,"column":8},"end":{"line":92,"column":8}}]},"2":{"line":93,"type":"if","locations":[{"start":{"line":93,"column":8},"end":{"line":93,"column":8}},{"start":{"line":93,"column":8},"end":{"line":93,"column":8}}]},"3":{"line":95,"type":"if","locations":[{"start":{"line":95,"column":8},"end":{"line":95,"column":8}},{"start":{"line":95,"column":8},"end":{"line":95,"column":8}}]},"4":{"line":119,"type":"if","locations":[{"start":{"line":119,"column":8},"end":{"line":119,"column":8}},{"start":{"line":119,"column":8},"end":{"line":119,"column":8}}]},"5":{"line":120,"type":"if","locations":[{"start":{"line":120,"column":8},"end":{"line":120,"column":8}},{"start":{"line":120,"column":8},"end":{"line":120,"column":8}}]},"6":{"line":121,"type":"if","locations":[{"start":{"line":121,"column":8},"end":{"line":121,"column":8}},{"start":{"line":121,"column":8},"end":{"line":121,"column":8}}]},"7":{"line":123,"type":"if","locations":[{"start":{"line":123,"column":8},"end":{"line":123,"column":8}},{"start":{"line":123,"column":8},"end":{"line":123,"column":8}}]},"8":{"line":172,"type":"if","locations":[{"start":{"line":172,"column":4},"end":{"line":172,"column":4}},{"start":{"line":172,"column":4},"end":{"line":172,"column":4}}]},"9":{"line":196,"type":"if","locations":[{"start":{"line":196,"column":4},"end":{"line":196,"column":4}},{"start":{"line":196,"column":4},"end":{"line":196,"column":4}}]},"10":{"line":213,"type":"if","locations":[{"start":{"line":213,"column":4},"end":{"line":213,"column":4}},{"start":{"line":213,"column":4},"end":{"line":213,"column":4}}]},"11":{"line":224,"type":"if","locations":[{"start":{"line":224,"column":4},"end":{"line":224,"column":4}},{"start":{"line":224,"column":4},"end":{"line":224,"column":4}}]},"12":{"line":237,"type":"if","locations":[{"start":{"line":237,"column":4},"end":{"line":237,"column":4}},{"start":{"line":237,"column":4},"end":{"line":237,"column":4}}]},"13":{"line":238,"type":"if","locations":[{"start":{"line":238,"column":4},"end":{"line":238,"column":4}},{"start":{"line":238,"column":4},"end":{"line":238,"column":4}}]},"14":{"line":249,"type":"if","locations":[{"start":{"line":249,"column":4},"end":{"line":249,"column":4}},{"start":{"line":249,"column":4},"end":{"line":249,"column":4}}]},"15":{"line":260,"type":"if","locations":[{"start":{"line":260,"column":4},"end":{"line":260,"column":4}},{"start":{"line":260,"column":4},"end":{"line":260,"column":4}}]}}}}